<?xml version="1.0" encoding="UTF-8"?>
<!-- Generated by org.testng.reporters.JUnitReportReporter -->
<testsuite skipped="1" hostname="Srujana" name="seleniumweek2day1classwork.EditLead" tests="1" failures="0" timestamp="04 Apr 2018 14:49:22 GMT" time="0.001" errors="0">
  <testcase name="editLead" time="0.001" classname="seleniumweek2day1classwork.EditLead">
    <skipped/>
  </testcase> <!-- editLead -->
</testsuite> <!-- seleniumweek2day1classwork.EditLead -->
