<?xml version="1.0" encoding="UTF-8"?>
<!-- Generated by org.testng.reporters.JUnitReportReporter -->
<testsuite skipped="0" hostname="Srujana" name="testngweek.DataProviderExample" tests="3" failures="0" timestamp="04 Apr 2018 15:05:37 GMT" time="0.063" errors="0">
  <testcase name="setData" time="0.000" classname="testngweek.DataProviderExample"/>
  <testcase name="setData" time="0.016" classname="testngweek.DataProviderExample"/>
  <testcase name="setData" time="0.047" classname="testngweek.DataProviderExample"/>
</testsuite> <!-- testngweek.DataProviderExample -->
