<?xml version="1.0" encoding="UTF-8"?>
<!-- Generated by org.testng.reporters.JUnitReportReporter -->
<testsuite skipped="0" hostname="Srujana" name="seleniumweek2day1classwork.CreateLeads" tests="2" failures="0" timestamp="07 Apr 2018 06:56:34 GMT" time="49.157" errors="0">
  <testcase name="createLeads" time="25.382" classname="seleniumweek2day1classwork.CreateLeads"/>
  <testcase name="createLeads" time="23.775" classname="seleniumweek2day1classwork.CreateLeads"/>
</testsuite> <!-- seleniumweek2day1classwork.CreateLeads -->
