<?xml version="1.0" encoding="UTF-8"?>
<!-- Generated by org.testng.reporters.JUnitReportReporter -->
<testsuite hostname="Srujana" name="seleniumweek2day1classwork.MergeLeads" tests="1" failures="0" timestamp="4 Apr 2018 09:55:28 GMT" time="35.832" errors="0">
  <testcase name="mergeLeads" time="35.832" classname="seleniumweek2day1classwork.MergeLeads"/>
</testsuite> <!-- seleniumweek2day1classwork.MergeLeads -->
