<?xml version="1.0" encoding="UTF-8"?>
<!-- Generated by org.testng.reporters.JUnitReportReporter -->
<testsuite skipped="1" hostname="Srujana" name="seleniumweek2day1classwork.DeleteLead" tests="1" failures="0" timestamp="04 Apr 2018 14:49:22 GMT" time="0.000" errors="0">
  <testcase name="deleteLead" time="0.000" classname="seleniumweek2day1classwork.DeleteLead">
    <skipped/>
  </testcase> <!-- deleteLead -->
</testsuite> <!-- seleniumweek2day1classwork.DeleteLead -->
