<?xml version="1.0" encoding="UTF-8"?>
<!-- Generated by org.testng.reporters.JUnitReportReporter -->
<testsuite skipped="0" hostname="Srujana" name="seleniumweek2day1classwork.LearningAnnotations" tests="2" failures="0" timestamp="04 Apr 2018 07:09:07 GMT" time="0.010" errors="0">
  <testcase name="Test1" time="0.007" classname="seleniumweek2day1classwork.LearningAnnotations"/>
  <testcase name="Test2" time="0.003" classname="seleniumweek2day1classwork.LearningAnnotations"/>
</testsuite> <!-- seleniumweek2day1classwork.LearningAnnotations -->
